<?xml version="1.0" encoding="UTF-8"?>
<robot generator="Robot 7.4.1 (Python 3.14.0 on win32)" generated="2026-01-07T10:39:10.980162" rpa="false" schemaversion="5">
<suite id="s1" name="Apitests" source="C:\Users\ASUS\Desktop\Projects\RobotFramework\tests\apitests.robot">
<test id="s1-t1" name="Play around with dictionary" line="8">
<kw name="Create Dictionary" owner="BuiltIn">
<msg time="2026-01-07T10:39:11.280009" level="INFO">&amp;{data} = { name=siva | job=qa | role=engineer }</msg>
<var>&amp;{data}</var>
<arg>name=siva</arg>
<arg>job=qa</arg>
<arg>role=engineer</arg>
<doc>Creates and returns a dictionary based on the given ``items``.</doc>
<status status="PASS" start="2026-01-07T10:39:11.279421" elapsed="0.000630"/>
</kw>
<kw name="Log" owner="BuiltIn">
<msg time="2026-01-07T10:39:11.280725" level="INFO">{'name': 'siva', 'job': 'qa', 'role': 'engineer'}</msg>
<arg>${data}</arg>
<doc>Logs the given message with the given level.</doc>
<status status="PASS" start="2026-01-07T10:39:11.280442" elapsed="0.000337"/>
</kw>
<kw name="Dictionary Should Contain Key" owner="Collections">
<arg>${data}</arg>
<arg>name</arg>
<doc>Fails if ``key`` is not found from ``dictionary``.</doc>
<status status="PASS" start="2026-01-07T10:39:11.281033" elapsed="0.000169"/>
</kw>
<kw name="Get From Dictionary" owner="Collections">
<msg time="2026-01-07T10:39:11.281625" level="INFO">${job} = qa</msg>
<var>${job}</var>
<arg>${data}</arg>
<arg>job</arg>
<doc>Returns a value from the given ``dictionary`` based on the given ``key``.</doc>
<status status="PASS" start="2026-01-07T10:39:11.281445" elapsed="0.000206"/>
</kw>
<kw name="Log" owner="BuiltIn">
<msg time="2026-01-07T10:39:11.282186" level="INFO">qa</msg>
<arg>${job}</arg>
<doc>Logs the given message with the given level.</doc>
<status status="PASS" start="2026-01-07T10:39:11.281966" elapsed="0.000262"/>
</kw>
<status status="PASS" start="2026-01-07T10:39:11.278387" elapsed="0.004086"/>
</test>
<status status="PASS" start="2026-01-07T10:39:10.981679" elapsed="0.301998"/>
</suite>
<statistics>
<total>
<stat pass="1" fail="0" skip="0">All Tests</stat>
</total>
<tag>
</tag>
<suite>
<stat name="Apitests" id="s1" pass="1" fail="0" skip="0">Apitests</stat>
</suite>
</statistics>
<errors>
</errors>
</robot>
